Compiling 27 files with Solc 0.8.28
Solc 0.8.28 finished in 1.17s
Compiler run successful!
warning[unsafe-typecast]: typecasts that can truncate values should be checked
    ╭▸ src/PancakeV3FeeAccountingRef.sol:156:16
    │
156 │         tick = int24(newTickSigned);
    │                ━━━━━━━━━━━━━━━━━━━━
    │
    ├ note: consider disabling this lint if you're certain the cast is safe
    │       
    │       // casting to 'int24' is safe because [explain why]
    │       // forge-lint: disable-next-line(unsafe-typecast)
    │       
    │       
    ╰ help: https://book.getfoundry.sh/reference/forge/forge-lint#unsafe-typecast

warning[unsafe-typecast]: typecasts that can truncate values should be checked
    ╭▸ src/PancakeV3FeeAccountingRef.sol:157:24
    │
157 │         sqrtPriceX96 = uint160(uint256(newSqrtSigned));
    │                        ━━━━━━━━━━━━━━━━━━━━━━━━━━━━━━━
    │
    ├ note: consider disabling this lint if you're certain the cast is safe
    │       
    │       // casting to 'uint160' is safe because [explain why]
    │       // forge-lint: disable-next-line(unsafe-typecast)
    │       
    │       
    ╰ help: https://book.getfoundry.sh/reference/forge/forge-lint#unsafe-typecast

warning[unsafe-typecast]: typecasts that can truncate values should be checked
    ╭▸ src/PancakeV3FeeAccountingRef.sol:157:32
    │
157 │         sqrtPriceX96 = uint160(uint256(newSqrtSigned));
    │                                ━━━━━━━━━━━━━━━━━━━━━━
    │
    ├ note: consider disabling this lint if you're certain the cast is safe
    │       
    │       // casting to 'uint256' is safe because [explain why]
    │       // forge-lint: disable-next-line(unsafe-typecast)
    │       
    │       
    ╰ help: https://book.getfoundry.sh/reference/forge/forge-lint#unsafe-typecast

